<?xml version="1.0" encoding="UTF-8"?>
<!-- Generated by org.testng.reporters.JUnitReportReporter -->
<testsuite hostname="LAPTOP-8PQKFV8G" failures="0" tests="2" name="qaclickacademy.RestAPITest2" time="0.000" errors="0" timestamp="2021-12-09T16:08:38 CST" skipped="0">
  <testcase classname="qaclickacademy.RestAPITest2" name="APIApp2" time="0.000"/>
  <system-out/>
  <testcase classname="qaclickacademy.RestAPITest2" name="APIIOSApp2" time="0.000"/>
  <system-out/>
</testsuite> <!-- qaclickacademy.RestAPITest2 -->
