<?xml version="1.0" encoding="UTF-8"?>
<!-- Generated by org.testng.reporters.JUnitReportReporter -->
<testsuite hostname="LAPTOP-8PQKFV8G" failures="0" tests="2" name="qaclickacademy.RestAPITest" time="0.000" errors="0" timestamp="2021-12-08T17:01:20 CST" skipped="0">
  <testcase classname="qaclickacademy.RestAPITest" name="APIApp" time="0.000"/>
  <system-out/>
  <testcase classname="qaclickacademy.RestAPITest" name="APIIOSApp" time="0.000"/>
  <system-out/>
</testsuite> <!-- qaclickacademy.RestAPITest -->
